<?xml version="1.0" encoding="UTF-8"?>
<!-- Generated by org.testng.reporters.JUnitReportReporter -->
<testsuite skipped="0" hostname="DESKTOP-6CI9B68" name="Tests" tests="5" failures="0" timestamp="2021-03-21T20:50:42 EET" time="1.661" errors="0">
  <testcase name="getMovieList" time="0.327" classname="Tests"/>
  <system-out/>
  <testcase name="pickRandomMovie" time="0.270" classname="Tests"/>
  <system-out/>
  <testcase name="getMovieDetail" time="0.259" classname="Tests"/>
  <system-out/>
  <testcase name="deleteRating" time="0.373" classname="Tests"/>
  <system-out/>
  <testcase name="PostRating" time="0.432" classname="Tests"/>
  <system-out/>
</testsuite> <!-- Tests -->
